thread=1,func=fast,ht=0
# started on Tue Oct 30 13:02:49 2018
503854347,,cycles:u,153357693,100.00,,
1394272987,,instructions:u,153357693,100.00,2.77,insn per cycle
222050795,,L1-dcache-loads:u,153357693,100.00,,
7871314,,L1-dcache-load-misses:u,153357693,100.00,3.54,of all L1-dcache hits
thread=1,func=slow_a,ht=0
# started on Tue Oct 30 13:02:49 2018
2537924946,,cycles:u,719474298,100.00,,
6653021523,,instructions:u,719474298,100.00,2.62,insn per cycle
2695806161,,L1-dcache-loads:u,719474298,100.00,,
7872473,,L1-dcache-load-misses:u,719474298,100.00,0.29,of all L1-dcache hits
thread=1,func=slow_b,ht=0
# started on Tue Oct 30 13:02:50 2018
3280080325,,cycles:u,936876180,100.00,,
4613045835,,instructions:u,936876180,100.00,1.41,insn per cycle
1190823205,,L1-dcache-loads:u,936876180,100.00,,
7873191,,L1-dcache-load-misses:u,936876180,100.00,0.66,of all L1-dcache hits
thread=1,func=slow_c,ht=0
# started on Tue Oct 30 13:02:51 2018
9898071128,,cycles:u,2900558056,100.00,,
5113024631,,instructions:u,2900558056,100.00,0.52,insn per cycle
1690909341,,L1-dcache-loads:u,2900558056,100.00,,
7888625,,L1-dcache-load-misses:u,2900558056,100.00,0.47,of all L1-dcache hits
thread=1,func=slow_d,ht=0
# started on Tue Oct 30 13:02:54 2018
26346571954,,cycles:u,7590011434,100.00,,
11613032589,,instructions:u,7590011434,100.00,0.44,insn per cycle
4691029214,,L1-dcache-loads:u,7590011434,100.00,,
7926699,,L1-dcache-load-misses:u,7590011434,100.00,0.17,of all L1-dcache hits
thread=1,func=slow_e,ht=0
# started on Tue Oct 30 13:03:02 2018
8565803395,,cycles:u,2692952210,100.00,,
5113064634,,instructions:u,2692952210,100.00,0.60,insn per cycle
690843732,,L1-dcache-loads:u,2692952210,100.00,,
502822503,,L1-dcache-load-misses:u,2692952210,100.00,72.78,of all L1-dcache hits
thread=1,func=slow_f,ht=0
# started on Tue Oct 30 13:03:05 2018
824421766,,cycles:u,236375598,100.00,,
2206798713,,instructions:u,236375598,100.00,2.68,insn per cycle
222054390,,L1-dcache-loads:u,236375598,100.00,,
7870752,,L1-dcache-load-misses:u,236375598,100.00,3.54,of all L1-dcache hits
thread=2,func=fast,ht=0
# started on Tue Oct 30 13:03:05 2018
820420701,,cycles:u,242233447,100.00,,
1414280266,,instructions:u,242233447,100.00,1.72,insn per cycle
222052582,,L1-dcache-loads:u,242233447,100.00,,
7875683,,L1-dcache-load-misses:u,242233447,100.00,3.55,of all L1-dcache hits
thread=2,func=slow_a,ht=0
# started on Tue Oct 30 13:03:05 2018
2812766270,,cycles:u,850521108,100.00,,
6673029688,,instructions:u,850521108,100.00,2.37,insn per cycle
2695812360,,L1-dcache-loads:u,850521108,100.00,,
7883147,,L1-dcache-load-misses:u,850521108,100.00,0.29,of all L1-dcache hits
thread=2,func=slow_b,ht=0
# started on Tue Oct 30 13:03:06 2018
13652223298,,cycles:u,3982199789,100.00,,
4633066316,,instructions:u,3982199789,100.00,0.34,insn per cycle
1190866844,,L1-dcache-loads:u,3982199789,100.00,,
124968435,,L1-dcache-load-misses:u,3982199789,100.00,10.49,of all L1-dcache hits
thread=2,func=slow_c,ht=0
# started on Tue Oct 30 13:03:08 2018
108955554118,,cycles:u,34659288103,100.00,,
5133060472,,instructions:u,34659288103,100.00,0.05,insn per cycle
1691105879,,L1-dcache-loads:u,34659288103,100.00,,
756179268,,L1-dcache-load-misses:u,34659288103,100.00,44.72,of all L1-dcache hits
thread=2,func=slow_d,ht=0
# started on Tue Oct 30 13:03:25 2018
95281114053,,cycles:u,66209219089,100.00,,
14774448508,,instructions:u,66209219089,100.00,0.16,insn per cycle
5127820160,,L1-dcache-loads:u,66209219089,100.00,,
707907177,,L1-dcache-load-misses:u,66209219089,100.00,13.81,of all L1-dcache hits
thread=2,func=slow_e,ht=0
# started on Tue Oct 30 13:03:59 2018
14967775427,,cycles:u,4816637416,100.00,,
5133071304,,instructions:u,4816637416,100.00,0.34,insn per cycle
690877057,,L1-dcache-loads:u,4816637416,100.00,,
628053913,,L1-dcache-load-misses:u,4816637416,100.00,90.91,of all L1-dcache hits
thread=2,func=slow_f,ht=0
# started on Tue Oct 30 13:04:01 2018
1077245499,,cycles:u,312452232,100.00,,
2226824273,,instructions:u,312452232,100.00,2.07,insn per cycle
222063504,,L1-dcache-loads:u,312452232,100.00,,
7882853,,L1-dcache-load-misses:u,312452232,100.00,3.55,of all L1-dcache hits
thread=2,func=fast,ht=1
# started on Tue Oct 30 13:04:02 2018
772109238,,cycles:u,223965485,100.00,,
1414278488,,instructions:u,223965485,100.00,1.83,insn per cycle
222051577,,L1-dcache-loads:u,223965485,100.00,,
7871346,,L1-dcache-load-misses:u,223965485,100.00,3.54,of all L1-dcache hits
thread=2,func=slow_a,ht=1
# started on Tue Oct 30 13:04:02 2018
2804158172,,cycles:u,809966291,100.00,,
6673025628,,instructions:u,809966291,100.00,2.38,insn per cycle
2695815554,,L1-dcache-loads:u,809966291,100.00,,
7878063,,L1-dcache-load-misses:u,809966291,100.00,0.29,of all L1-dcache hits
thread=2,func=slow_b,ht=1
# started on Tue Oct 30 13:04:03 2018
3550486843,,cycles:u,1012421220,100.00,,
4633063471,,instructions:u,1012421220,100.00,1.30,insn per cycle
1190828461,,L1-dcache-loads:u,1012421220,100.00,,
15710131,,L1-dcache-load-misses:u,1012421220,100.00,1.32,of all L1-dcache hits
thread=2,func=slow_c,ht=1
# started on Tue Oct 30 13:04:04 2018
10133939631,,cycles:u,2841109719,100.00,,
5133028574,,instructions:u,2841109719,100.00,0.51,insn per cycle
1690826505,,L1-dcache-loads:u,2841109719,100.00,,
7891905,,L1-dcache-load-misses:u,2841109719,100.00,0.47,of all L1-dcache hits
thread=2,func=slow_d,ht=1
# started on Tue Oct 30 13:04:07 2018
26571279559,,cycles:u,7440558401,100.00,,
11633054925,,instructions:u,7440558401,100.00,0.44,insn per cycle
4690880970,,L1-dcache-loads:u,7440558401,100.00,,
7922485,,L1-dcache-load-misses:u,7440558401,100.00,0.17,of all L1-dcache hits
thread=2,func=slow_e,ht=1
# started on Tue Oct 30 13:04:14 2018
8753353650,,cycles:u,2771452083,100.00,,
5133069066,,instructions:u,2771452083,100.00,0.59,insn per cycle
690843739,,L1-dcache-loads:u,2771452083,100.00,,
502797315,,L1-dcache-load-misses:u,2771452083,100.00,72.78,of all L1-dcache hits
thread=2,func=slow_f,ht=1
# started on Tue Oct 30 13:04:17 2018
1080033367,,cycles:u,321043750,100.00,,
2226824388,,instructions:u,321043750,100.00,2.06,insn per cycle
222067262,,L1-dcache-loads:u,321043750,100.00,,
7875283,,L1-dcache-load-misses:u,321043750,100.00,3.55,of all L1-dcache hits
